<?xml version="1.0" encoding="UTF-8"?>
<!-- Generated by org.testng.reporters.JUnitReportReporter -->
<testsuite hostname="LAPTOP-8BKVU749" failures="0" tests="4" name="test.UserTests" time="11.940" errors="0" timestamp="2024-11-26T13:54:09 IST" skipped="0">
  <testcase classname="test.UserTests" name="testPostUser" time="5.282"/>
  <system-out/>
  <testcase classname="test.UserTests" name="testGetUserByName" time="1.456"/>
  <system-out/>
  <testcase classname="test.UserTests" name="testUpdateUserByName" time="3.160"/>
  <system-out/>
  <testcase classname="test.UserTests" name="testDeleteUserByName" time="2.042"/>
  <system-out/>
</testsuite> <!-- test.UserTests -->
