<?xml version="1.0" encoding="UTF-8"?>
<!-- Generated by org.testng.reporters.JUnitReportReporter -->
<testsuite hostname="LAPTOP-8BKVU749" failures="0" tests="6" name="test.DDTests" time="11.596" errors="0" timestamp="2024-11-26T12:20:04 IST" skipped="0">
  <testcase classname="test.DDTests" name="testPostuser" time="1.514"/>
  <system-out/>
  <testcase classname="test.DDTests" name="testPostuser" time="3.988"/>
  <system-out/>
  <testcase classname="test.DDTests" name="testPostuser" time="1.604"/>
  <system-out/>
  <testcase classname="test.DDTests" name="testDeleteUserByName" time="1.516"/>
  <system-out/>
  <testcase classname="test.DDTests" name="testDeleteUserByName" time="1.445"/>
  <system-out/>
  <testcase classname="test.DDTests" name="testDeleteUserByName" time="1.529"/>
  <system-out/>
</testsuite> <!-- test.DDTests -->
